2020-03-30 12:36:38 [34m[34minfo[34m[39m: posts service started on port 3302
2020-03-30 12:36:38 [34m[34minfo[34m[39m: 🚀 posts graphql service ready at /posts
2020-03-30 12:36:38 [34m[34minfo[34m[39m: Mongoose connected!
2020-04-04 19:36:42 [34m[34minfo[34m[39m: posts service started on port 3302
2020-04-04 19:36:42 [34m[34minfo[34m[39m: 🚀 posts graphql service ready at /posts
2020-04-04 19:36:42 [34m[34minfo[34m[39m: Mongoose connected!
2020-04-04 19:43:46 [34m[34minfo[34m[39m: posts service started on port 3302
2020-04-04 19:43:46 [34m[34minfo[34m[39m: 🚀 posts graphql service ready at /posts
2020-04-04 19:43:46 [34m[34minfo[34m[39m: Mongoose connected!
2020-04-04 20:11:57 [34m[34minfo[34m[39m: posts service started on port 3302
2020-04-04 20:11:57 [34m[34minfo[34m[39m: 🚀 posts graphql service ready at /posts
2020-04-04 20:11:57 [34m[34minfo[34m[39m: Mongoose connected!
2020-04-04 20:14:05 [34m[34minfo[34m[39m: posts service started on port 3302
2020-04-04 20:14:05 [34m[34minfo[34m[39m: 🚀 posts graphql service ready at /posts
2020-04-04 20:14:05 [34m[34minfo[34m[39m: Mongoose connected!
2020-04-04 20:17:15 [34m[34minfo[34m[39m: posts service started on port 3302
2020-04-04 20:17:15 [34m[34minfo[34m[39m: 🚀 posts graphql service ready at /posts
2020-04-04 20:17:15 [34m[34minfo[34m[39m: Mongoose connected!
2020-04-04 20:23:31 [34m[34minfo[34m[39m: posts service started on port 3302
2020-04-04 20:23:31 [34m[34minfo[34m[39m: 🚀 posts graphql service ready at /posts
2020-04-04 20:23:31 [34m[34minfo[34m[39m: Mongoose connected!
2020-04-14 20:14:42 [34m[34minfo[34m[39m: posts service started on port 3302
2020-04-14 20:14:42 [34m[34minfo[34m[39m: 🚀 posts graphql service ready at /posts
2020-04-14 20:14:42 [34m[34minfo[34m[39m: Mongoose connected!
2020-04-14 20:38:50 [34m[34minfo[34m[39m: posts service started on port 3302
2020-04-14 20:38:50 [34m[34minfo[34m[39m: 🚀 posts graphql service ready at /posts
2020-04-14 20:38:50 [34m[34minfo[34m[39m: Mongoose connected!
2020-04-14 20:42:08 [34m[34minfo[34m[39m: posts service started on port 3302
2020-04-14 20:42:08 [34m[34minfo[34m[39m: 🚀 posts graphql service ready at /posts
2020-04-14 20:42:08 [34m[34minfo[34m[39m: Mongoose connected!
2020-04-14 20:45:21 [34m[34minfo[34m[39m: posts service started on port 3302
2020-04-14 20:45:21 [34m[34minfo[34m[39m: 🚀 posts graphql service ready at /posts
2020-04-14 20:45:21 [34m[34minfo[34m[39m: Mongoose connected!
2020-04-14 20:51:36 [34m[34minfo[34m[39m: posts service started on port 3302
2020-04-14 20:51:36 [34m[34minfo[34m[39m: 🚀 posts graphql service ready at /posts
2020-04-14 20:51:36 [34m[34minfo[34m[39m: Mongoose connected!
2020-04-15 07:22:45 [34m[34minfo[34m[39m: posts service started on port 3302
2020-04-15 07:22:44 [34m[34minfo[34m[39m: 🚀 posts graphql service ready at /posts
2020-04-15 07:22:45 [34m[34minfo[34m[39m: Mongoose connected!
2020-04-18 15:33:38 [34m[34minfo[34m[39m: posts service started on port 3302
2020-04-18 15:33:38 [34m[34minfo[34m[39m: 🚀 posts graphql service ready at /posts
2020-04-18 15:33:38 [34m[34minfo[34m[39m: Mongoose connected!
2020-04-18 15:42:32 [34m[34minfo[34m[39m: posts service started on port 3302
2020-04-18 15:42:32 [34m[34minfo[34m[39m: 🚀 posts graphql service ready at /posts
2020-04-18 15:42:32 [34m[34minfo[34m[39m: Mongoose connected!
2020-04-18 15:50:11 [34m[34minfo[34m[39m: posts service started on port 3302
2020-04-18 15:50:11 [34m[34minfo[34m[39m: 🚀 posts graphql service ready at /posts
2020-04-18 15:50:11 [34m[34minfo[34m[39m: Mongoose connected!
2020-04-18 16:14:00 [34m[34minfo[34m[39m: posts service started on port 3302
2020-04-18 16:14:00 [34m[34minfo[34m[39m: 🚀 posts graphql service ready at /posts
2020-04-18 16:14:00 [34m[34minfo[34m[39m: Mongoose connected!
2020-04-19 13:57:06 [34m[34minfo[34m[39m: posts service started on port 3302
2020-04-19 13:57:06 [34m[34minfo[34m[39m: 🚀 posts graphql service ready at /posts
2020-04-19 13:57:07 [34m[34minfo[34m[39m: Mongoose connected!
2020-04-19 15:25:51 [34m[34minfo[34m[39m: posts service started on port 3302
2020-04-19 15:25:51 [34m[34minfo[34m[39m: 🚀 posts graphql service ready at /posts
2020-04-19 15:25:51 [34m[34minfo[34m[39m: Mongoose connected!
2020-04-19 15:26:32 [34m[34minfo[34m[39m: posts service started on port 3302
2020-04-19 15:26:32 [34m[34minfo[34m[39m: 🚀 posts graphql service ready at /posts
2020-04-19 15:26:32 [34m[34minfo[34m[39m: Mongoose connected!
2020-04-19 18:55:06 [34m[34minfo[34m[39m: posts service started on port 3302
2020-04-19 18:55:06 [34m[34minfo[34m[39m: 🚀 posts graphql service ready at /posts
2020-04-19 18:55:06 [34m[34minfo[34m[39m: Mongoose connected!
2020-04-19 19:04:58 [34m[34minfo[34m[39m: posts service started on port 3302
2020-04-19 19:04:58 [34m[34minfo[34m[39m: 🚀 posts graphql service ready at /posts
2020-04-19 19:04:58 [34m[34minfo[34m[39m: Mongoose connected!
2020-04-19 19:57:11 [31m[31merror[31m[39m: createFollowshipMutation: Failed to create Followship record. Error: {"fieldName":"This followship already exists"}.
2020-04-19 19:57:11 [31m[31merror[31m[39m: createFollowshipMutation: Failed to create Followship record. Error: {"fieldName":"This followship already exists"}.
2020-04-19 19:57:22 [31m[31merror[31m[39m: createFollowshipMutation: Failed to create Followship record. Error: {"fieldName":"This followship already exists"}.
2020-04-19 19:57:22 [31m[31merror[31m[39m: createFollowshipMutation: Failed to create Followship record. Error: {"fieldName":"This followship already exists"}.
2020-04-19 19:57:56 [31m[31merror[31m[39m: createFollowshipMutation: Failed to create Followship record. Error: {"fieldName":"This followship already exists"}.
2020-04-19 19:57:56 [31m[31merror[31m[39m: createFollowshipMutation: Failed to create Followship record. Error: {"fieldName":"This followship already exists"}.
2020-04-19 20:21:28 [31m[31merror[31m[39m: createFollowshipMutation: Failed to create Followship record. Error: {"fieldName":"This followship already exists"}.
2020-04-19 20:21:29 [31m[31merror[31m[39m: createFollowshipMutation: Failed to create Followship record. Error: {"fieldName":"This followship already exists"}.
2020-04-19 20:21:30 [31m[31merror[31m[39m: createFollowshipMutation: Failed to create Followship record. Error: {"fieldName":"This followship already exists"}.
2020-04-19 20:21:35 [31m[31merror[31m[39m: deleteFollowshipMutation: Failed to delete Followship. Error: {"followship":"Followship doesn't exist"}.
2020-04-19 20:40:41 [31m[31merror[31m[39m: deleteFollowshipMutation: Failed to delete Followship. Error: {"followship":"Followship doesn't exist"}.
2020-04-25 10:26:13 [34m[34minfo[34m[39m: posts service started on port 3302
2020-04-25 10:26:13 [34m[34minfo[34m[39m: 🚀 posts graphql service ready at /posts
2020-04-25 10:26:13 [34m[34minfo[34m[39m: Mongoose connected!
2020-04-25 10:51:18 [34m[34minfo[34m[39m: posts service started on port 3302
2020-04-25 10:51:18 [34m[34minfo[34m[39m: 🚀 posts graphql service ready at /posts
2020-04-25 10:51:18 [34m[34minfo[34m[39m: Mongoose connected!
2020-04-25 10:56:39 [34m[34minfo[34m[39m: posts service started on port 3302
2020-04-25 10:56:39 [34m[34minfo[34m[39m: 🚀 posts graphql service ready at /posts
2020-04-25 10:56:39 [34m[34minfo[34m[39m: Mongoose connected!
2020-04-25 10:58:39 [34m[34minfo[34m[39m: posts service started on port 3302
2020-04-25 10:58:39 [34m[34minfo[34m[39m: 🚀 posts graphql service ready at /posts
2020-04-25 10:58:39 [34m[34minfo[34m[39m: Mongoose connected!
2020-04-25 11:03:05 [34m[34minfo[34m[39m: posts service started on port 3302
2020-04-25 11:03:05 [34m[34minfo[34m[39m: 🚀 posts graphql service ready at /posts
2020-04-25 11:03:06 [34m[34minfo[34m[39m: Mongoose connected!
2020-04-25 11:32:21 [34m[34minfo[34m[39m: posts service started on port 3302
2020-04-25 11:32:21 [34m[34minfo[34m[39m: 🚀 posts graphql service ready at /posts
2020-04-25 11:32:21 [34m[34minfo[34m[39m: Mongoose connected!
2020-04-25 11:32:36 [34m[34minfo[34m[39m: posts service started on port 3302
2020-04-25 11:32:36 [34m[34minfo[34m[39m: 🚀 posts graphql service ready at /posts
2020-04-25 11:32:36 [34m[34minfo[34m[39m: Mongoose connected!
2020-04-25 11:33:37 [34m[34minfo[34m[39m: posts service started on port 3302
2020-04-25 11:33:37 [34m[34minfo[34m[39m: 🚀 posts graphql service ready at /posts
2020-04-25 11:33:37 [34m[34minfo[34m[39m: Mongoose connected!
2020-04-25 11:33:48 [34m[34minfo[34m[39m: posts service started on port 3302
2020-04-25 11:33:48 [34m[34minfo[34m[39m: 🚀 posts graphql service ready at /posts
2020-04-25 11:33:48 [34m[34minfo[34m[39m: Mongoose connected!
2020-04-25 11:34:15 [34m[34minfo[34m[39m: posts service started on port 3302
2020-04-25 11:34:15 [34m[34minfo[34m[39m: 🚀 posts graphql service ready at /posts
2020-04-25 11:34:15 [34m[34minfo[34m[39m: Mongoose connected!
2020-04-25 15:26:14 [31m[31merror[31m[39m: createFollowshipMutation: Failed to create Followship record. Error: {"fieldName":"This followship already exists"}.
